This is pdfTeX, Version 3.141592653-2.6-1.40.22 (TeX Live 2021) (preloaded format=pdflatex 2023.2.16)  16 FEB 2023 14:53
entering extended mode
 restricted \write18 enabled.
 file:line:error style messages enabled.
 %&-line parsing enabled.
**/home/sharpe/Documents/Rowan/2023-Spring/SEC-II/Speech2/speech2.tex
(/home/sharpe/Documents/Rowan/2023-Spring/SEC-II/Speech2/speech2.tex
LaTeX2e <2020-10-01> patch level 4
L3 programming layer <2021-05-07> (/usr/share/texlive/texmf-dist/tex/latex/base/article.cls
Document Class: article 2020/04/10 v1.4m Standard LaTeX document class
(/usr/share/texlive/texmf-dist/tex/latex/base/size11.clo
File: size11.clo 2020/04/10 v1.4m Standard LaTeX file (size option)
)
\c@part=\count179
\c@section=\count180
\c@subsection=\count181
\c@subsubsection=\count182
\c@paragraph=\count183
\c@subparagraph=\count184
\c@figure=\count185
\c@table=\count186
\abovecaptionskip=\skip47
\belowcaptionskip=\skip48
\bibindent=\dimen138
) (/usr/share/texlive/texmf-dist/tex/latex/marginnote/marginnote.sty
Package: marginnote 2018/08/09 v1.4b non floating margin notes for LaTeX
\c@mn@abspage=\count187
) (/usr/share/texlive/texmf-dist/tex/latex/l3backend/l3backend-pdftex.def
File: l3backend-pdftex.def 2021-05-07 L3 backend support: PDF output (pdfTeX)
\l__color_backend_stack_int=\count188
\l__pdf_internal_box=\box47
) (./speech2.aux)
\openout1 = `speech2.aux'.

LaTeX Font Info:    Checking defaults for OML/cmm/m/it on input line 8.
LaTeX Font Info:    ... okay on input line 8.
LaTeX Font Info:    Checking defaults for OMS/cmsy/m/n on input line 8.
LaTeX Font Info:    ... okay on input line 8.
LaTeX Font Info:    Checking defaults for OT1/cmr/m/n on input line 8.
LaTeX Font Info:    ... okay on input line 8.
LaTeX Font Info:    Checking defaults for T1/cmr/m/n on input line 8.
LaTeX Font Info:    ... okay on input line 8.
LaTeX Font Info:    Checking defaults for TS1/cmr/m/n on input line 8.
LaTeX Font Info:    ... okay on input line 8.
LaTeX Font Info:    Checking defaults for OMX/cmex/m/n on input line 8.
LaTeX Font Info:    ... okay on input line 8.
LaTeX Font Info:    Checking defaults for U/cmr/m/n on input line 8.
LaTeX Font Info:    ... okay on input line 8.
LaTeX Font Info:    External font `cmex10' loaded for size
(Font)              <12> on input line 9.
LaTeX Font Info:    External font `cmex10' loaded for size
(Font)              <8> on input line 9.
LaTeX Font Info:    External font `cmex10' loaded for size
(Font)              <6> on input line 9.
Package marginnote Info: Margin note 1.1 is on absolute page 1 on input line 34.
Package marginnote Info: right page because not two side mode on input line 34.
Package marginnote Info: xpos seems to be 126.26999pt on input line 34.
Package marginnote Info: Margin note 1.2 is on absolute page 2 on input line 60.
Package marginnote Info: right page because not two side mode on input line 60.
Package marginnote Info: xpos seems to be 126.26999pt on input line 60.
Package marginnote Info: Margin note 1.3 is on absolute page 2 on input line 79.
Package marginnote Info: right page because not two side mode on input line 79.
Package marginnote Info: xpos seems to be 440.62364pt on input line 79.

Underfull \hbox (badness 10000) in paragraph at lines 11--88

 []


Underfull \hbox (badness 10000) in paragraph at lines 11--88

 []


Underfull \hbox (badness 10000) in paragraph at lines 11--88

 []


Underfull \hbox (badness 10000) in paragraph at lines 11--88

 []


Underfull \hbox (badness 10000) in paragraph at lines 11--88

 []


Underfull \hbox (badness 10000) in paragraph at lines 11--88

 []


Underfull \hbox (badness 10000) in paragraph at lines 11--88

 []


Underfull \hbox (badness 10000) in paragraph at lines 11--88

 []


Underfull \hbox (badness 10000) in paragraph at lines 11--88

 []


Underfull \hbox (badness 10000) in paragraph at lines 11--88

 []


Underfull \hbox (badness 10000) in paragraph at lines 11--88

 []


Underfull \hbox (badness 10000) in paragraph at lines 11--88

 []


Underfull \hbox (badness 10000) in paragraph at lines 11--88

 []

[1

{/usr/share/texlive/texmf-var/fonts/map/pdftex/updmap/pdftex.map}] [2] [3] (./speech2.aux) ) 
Here is how much of TeX's memory you used:
 469 strings out of 480852
 8284 string characters out of 5906873
 302775 words of memory out of 6000000
 17873 multiletter control sequences out of 15000+600000
 407111 words of font info for 39 fonts, out of 8000000 for 9000
 14 hyphenation exceptions out of 8191
 32i,8n,38p,192b,191s stack positions out of 5000i,500n,10000p,200000b,80000s
</usr/share/texlive/texmf-dist/fonts/type1/public/amsfonts/cm/cmr10.pfb></usr/share/texlive/texmf-dist/fonts/type1/public/amsfonts/cm/cmr12.pfb></usr/share/texlive/texmf-dist/fonts/type1/public/amsfonts/cm/cmr17.pfb></usr/share/texlive/texmf-dist/fonts/type1/public/amsfonts/cm/cmti10.pfb>
Output written on speech2.pdf (3 pages, 63529 bytes).
PDF statistics:
 30 PDF objects out of 1000 (max. 8388607)
 20 compressed objects within 1 object stream
 0 named destinations out of 1000 (max. 500000)
 1 words of extra memory for PDF output out of 10000 (max. 10000000)

